# JRE version: Java(TM) SE Runtime Environment (8.0_131-b11) (build 1.8.0_131-b11)
# Java VM: Java HotSpot(TM) 64-Bit Server VM (25.131-b11 mixed mode linux-amd64 compressed oops)
Heap:
 PSYoungGen      total 233984K, used 3692K [0x000000078c700000, 0x000000079c500000, 0x00000007c0000000)
  eden space 214016K, 1% used [0x000000078c700000,0x000000078ca9b008,0x0000000799800000)
  from space 19968K, 0% used [0x0000000799800000,0x0000000799800000,0x000000079ab80000)
  to   space 20480K, 0% used [0x000000079b100000,0x000000079b100000,0x000000079c500000)
 ParOldGen       total 130560K, used 33973K [0x0000000725400000, 0x000000072d380000, 0x000000078c700000)
  object space 130560K, 26% used [0x0000000725400000,0x000000072752d4d8,0x000000072d380000)
 Metaspace       used 52354K, capacity 55087K, committed 55168K, reserved 1097728K
  class space    used 7294K, capacity 7763K, committed 7808K, reserved 1048576K
GC Heap History (10 events):
Event: 2,732 GC heap before
{Heap before GC invocations=8 (full 2):
 PSYoungGen      total 171008K, used 12795K [0x000000078c700000, 0x000000079ca00000, 0x00000007c0000000)
  eden space 158208K, 0% used [0x000000078c700000,0x000000078c700000,0x0000000796180000)
  from space 12800K, 99% used [0x0000000797380000,0x0000000797ffed80,0x0000000798000000)
  to   space 18432K, 0% used [0x0000000796180000,0x0000000796180000,0x0000000797380000)
 ParOldGen       total 77824K, used 22736K [0x0000000725400000, 0x000000072a000000, 0x000000078c700000)
  object space 77824K, 29% used [0x0000000725400000,0x0000000726a34170,0x000000072a000000)
 Metaspace       used 33940K, capacity 35436K, committed 35496K, reserved 1079296K
  class space    used 4564K, capacity 4839K, committed 4864K, reserved 1048576K
Event: 2,814 GC heap after
Heap after GC invocations=8 (full 2):
 PSYoungGen      total 171008K, used 0K [0x000000078c700000, 0x000000079ca00000, 0x00000007c0000000)
  eden space 158208K, 0% used [0x000000078c700000,0x000000078c700000,0x0000000796180000)
  from space 12800K, 0% used [0x0000000797380000,0x0000000797380000,0x0000000798000000)
  to   space 18432K, 0% used [0x0000000796180000,0x0000000796180000,0x0000000797380000)
 ParOldGen       total 130560K, used 24201K [0x0000000725400000, 0x000000072d380000, 0x000000078c700000)
  object space 130560K, 18% used [0x0000000725400000,0x0000000726ba2630,0x000000072d380000)
 Metaspace       used 33940K, capacity 35436K, committed 35496K, reserved 1079296K
  class space    used 4564K, capacity 4839K, committed 4864K, reserved 1048576K
}
Event: 3,660 GC heap before
{Heap before GC invocations=9 (full 2):
 PSYoungGen      total 171008K, used 158208K [0x000000078c700000, 0x000000079ca00000, 0x00000007c0000000)
  eden space 158208K, 100% used [0x000000078c700000,0x0000000796180000,0x0000000796180000)
  from space 12800K, 0% used [0x0000000797380000,0x0000000797380000,0x0000000798000000)
  to   space 18432K, 0% used [0x0000000796180000,0x0000000796180000,0x0000000797380000)
 ParOldGen       total 130560K, used 24201K [0x0000000725400000, 0x000000072d380000, 0x000000078c700000)
  object space 130560K, 18% used [0x0000000725400000,0x0000000726ba2630,0x000000072d380000)
 Metaspace       used 40002K, capacity 41778K, committed 41984K, reserved 1085440K
  class space    used 5462K, capacity 5792K, committed 5888K, reserved 1048576K
Event: 3,670 GC heap after
Heap after GC invocations=9 (full 2):
 PSYoungGen      total 176640K, used 10876K [0x000000078c700000, 0x000000079bc80000, 0x00000007c0000000)
  eden space 158208K, 0% used [0x000000078c700000,0x000000078c700000,0x0000000796180000)
  from space 18432K, 59% used [0x0000000796180000,0x0000000796c1f2e8,0x0000000797380000)
  to   space 17408K, 0% used [0x000000079ab80000,0x000000079ab80000,0x000000079bc80000)
 ParOldGen       total 130560K, used 24209K [0x0000000725400000, 0x000000072d380000, 0x000000078c700000)
  object space 130560K, 18% used [0x0000000725400000,0x0000000726ba4630,0x000000072d380000)
 Metaspace       used 40002K, capacity 41778K, committed 41984K, reserved 1085440K
  class space    used 5462K, capacity 5792K, committed 5888K, reserved 1048576K
}
Event: 4,712 GC heap before
{Heap before GC invocations=10 (full 2):
 PSYoungGen      total 176640K, used 169084K [0x000000078c700000, 0x000000079bc80000, 0x00000007c0000000)
  eden space 158208K, 100% used [0x000000078c700000,0x0000000796180000,0x0000000796180000)
  from space 18432K, 59% used [0x0000000796180000,0x0000000796c1f2e8,0x0000000797380000)
  to   space 17408K, 0% used [0x000000079ab80000,0x000000079ab80000,0x000000079bc80000)
 ParOldGen       total 130560K, used 24209K [0x0000000725400000, 0x000000072d380000, 0x000000078c700000)
  object space 130560K, 18% used [0x0000000725400000,0x0000000726ba4630,0x000000072d380000)
 Metaspace       used 48562K, capacity 50908K, committed 50944K, reserved 1093632K
  class space    used 6731K, capacity 7161K, committed 7168K, reserved 1048576K
Event: 4,745 GC heap after
Heap after GC invocations=10 (full 2):
 PSYoungGen      total 231424K, used 17389K [0x000000078c700000, 0x000000079c400000, 0x00000007c0000000)
  eden space 214016K, 0% used [0x000000078c700000,0x000000078c700000,0x0000000799800000)
  from space 17408K, 99% used [0x000000079ab80000,0x000000079bc7b7f0,0x000000079bc80000)
  to   space 19968K, 0% used [0x0000000799800000,0x0000000799800000,0x000000079ab80000)
 ParOldGen       total 130560K, used 24527K [0x0000000725400000, 0x000000072d380000, 0x000000078c700000)
  object space 130560K, 18% used [0x0000000725400000,0x0000000726bf3d18,0x000000072d380000)
 Metaspace       used 48562K, capacity 50908K, committed 50944K, reserved 1093632K
  class space    used 6731K, capacity 7161K, committed 7168K, reserved 1048576K
}
Event: 281,821 GC heap before
{Heap before GC invocations=11 (full 2):
 PSYoungGen      total 231424K, used 185294K [0x000000078c700000, 0x000000079c400000, 0x00000007c0000000)
  eden space 214016K, 78% used [0x000000078c700000,0x0000000796af80e8,0x0000000799800000)
  from space 17408K, 99% used [0x000000079ab80000,0x000000079bc7b7f0,0x000000079bc80000)
  to   space 19968K, 0% used [0x0000000799800000,0x0000000799800000,0x000000079ab80000)
 ParOldGen       total 130560K, used 24527K [0x0000000725400000, 0x000000072d380000, 0x000000078c700000)
  object space 130560K, 18% used [0x0000000725400000,0x0000000726bf3d18,0x000000072d380000)
 Metaspace       used 52350K, capacity 55081K, committed 55168K, reserved 1097728K
  class space    used 7292K, capacity 7761K, committed 7808K, reserved 1048576K
Event: 281,839 GC heap after
Heap after GC invocations=11 (full 2):
 PSYoungGen      total 233984K, used 15133K [0x000000078c700000, 0x000000079c500000, 0x00000007c0000000)
  eden space 214016K, 0% used [0x000000078c700000,0x000000078c700000,0x0000000799800000)
  from space 19968K, 75% used [0x0000000799800000,0x000000079a6c76a0,0x000000079ab80000)
  to   space 20480K, 0% used [0x000000079b100000,0x000000079b100000,0x000000079c500000)
 ParOldGen       total 130560K, used 24535K [0x0000000725400000, 0x000000072d380000, 0x000000078c700000)
  object space 130560K, 18% used [0x0000000725400000,0x0000000726bf5d18,0x000000072d380000)
 Metaspace       used 52350K, capacity 55081K, committed 55168K, reserved 1097728K
  class space    used 7292K, capacity 7761K, committed 7808K, reserved 1048576K
}
Event: 281,839 GC heap before
{Heap before GC invocations=12 (full 3):
 PSYoungGen      total 233984K, used 15133K [0x000000078c700000, 0x000000079c500000, 0x00000007c0000000)
  eden space 214016K, 0% used [0x000000078c700000,0x000000078c700000,0x0000000799800000)
  from space 19968K, 75% used [0x0000000799800000,0x000000079a6c76a0,0x000000079ab80000)
  to   space 20480K, 0% used [0x000000079b100000,0x000000079b100000,0x000000079c500000)
 ParOldGen       total 130560K, used 24535K [0x0000000725400000, 0x000000072d380000, 0x000000078c700000)
  object space 130560K, 18% used [0x0000000725400000,0x0000000726bf5d18,0x000000072d380000)
 Metaspace       used 52350K, capacity 55081K, committed 55168K, reserved 1097728K
  class space    used 7292K, capacity 7761K, committed 7808K, reserved 1048576K
Event: 281,987 GC heap after
Heap after GC invocations=12 (full 3):
 PSYoungGen      total 233984K, used 0K [0x000000078c700000, 0x000000079c500000, 0x00000007c0000000)
  eden space 214016K, 0% used [0x000000078c700000,0x000000078c700000,0x0000000799800000)
  from space 19968K, 0% used [0x0000000799800000,0x0000000799800000,0x000000079ab80000)
  to   space 20480K, 0% used [0x000000079b100000,0x000000079b100000,0x000000079c500000)
 ParOldGen       total 130560K, used 33973K [0x0000000725400000, 0x000000072d380000, 0x000000078c700000)
  object space 130560K, 26% used [0x0000000725400000,0x000000072752d4d8,0x000000072d380000)
 Metaspace       used 52350K, capacity 55081K, committed 55168K, reserved 1097728K
  class space    used 7292K, capacity 7761K, committed 7808K, reserved 1048576K
}

